<?xml version="1.0" encoding="UTF-8"?>
<!-- Generated by org.testng.reporters.JUnitXMLReporter -->
<testsuite ignored="0" hostname="DESKTOP-26QMALB" failures="1" tests="7" name="Command line test" time="0.117" errors="0" timestamp="19 May 2022 08:42:22 GMT">
  <testcase classname="MavenMainProject.Test1" name="Mobile" time="0.014"/>
  <testcase classname="MavenMainProject.Test1" name="test1" time="0.0">
    <failure type="org.testng.TestNGException" message="
Parameter &amp;apos;URL&amp;apos; is required by @Test on method test1 but has not been marked @Optional or defined
">
      <![CDATA[org.testng.TestNGException: 
Parameter 'URL' is required by @Test on method test1 but has not been marked @Optional or defined

... Removed 31 stack frames]]>
    </failure>
  </testcase> <!-- test1 -->
  <testcase classname="MavenMainProject.Test1" name="test11" time="0.001"/>
  <testcase classname="MavenMainProject.Test1" name="test111" time="0.0"/>
  <testcase classname="MavenMainProject.Test2" name="test2" time="0.002"/>
  <testcase classname="MavenMainProject.Test3" name="test3" time="0.0"/>
  <testcase classname="MavenMainProject.Test3" name="test33" time="0.001"/>
</testsuite> <!-- Command line test -->
